<?xml version="1.0" encoding="UTF-8"?>
<!-- Generated by org.testng.reporters.JUnitReportReporter -->
<testsuite hostname="sathish" failures="0" tests="2" name="mavendemo.day1.secondTest" time="0.008" errors="0" timestamp="2022-07-15T01:15:13 IST" skipped="0">
  <testcase classname="mavendemo.day1.secondTest" name="aTest" time="0.007"/>
  <system-out/>
  <testcase classname="mavendemo.day1.secondTest" name="bTest" time="0.001"/>
  <system-out/>
</testsuite> <!-- mavendemo.day1.secondTest -->
