<?xml version="1.0" encoding="UTF-8"?>
<!-- Generated by org.testng.reporters.JUnitReportReporter -->
<testsuite hostname="sathish" failures="0" tests="1" name="mavendemo.day1.mavenTests" time="0.013" errors="0" timestamp="2022-07-14T22:45:48 IST" skipped="0">
  <testcase classname="mavendemo.day1.mavenTests" name="firstTest" time="0.013"/>
  <system-out/>
</testsuite> <!-- mavendemo.day1.mavenTests -->
