<?xml version="1.0" encoding="UTF-8"?>
<!-- Generated by org.testng.reporters.JUnitReportReporter -->
<testsuite hostname="sathish" failures="0" tests="2" name="mavendemo.day1.thirdTest" time="0.004" errors="0" timestamp="2022-07-14T23:28:47 IST" skipped="0">
  <testcase classname="mavendemo.day1.thirdTest" name="aTest" time="0.002"/>
  <system-out/>
  <testcase classname="mavendemo.day1.thirdTest" name="bTest" time="0.002"/>
  <system-out/>
</testsuite> <!-- mavendemo.day1.thirdTest -->
