<?xml version="1.0" encoding="UTF-8"?>
<!-- Generated by org.testng.reporters.JUnitReportReporter -->
<testsuite skipped="0" hostname="sathish" name="mavendemo.day1.thirdTest" tests="2" failures="0" timestamp="2022-07-15T01:35:37 IST" time="0.000" errors="0">
  <testcase name="aTest" time="0.000" classname="mavendemo.day1.thirdTest"/>
  <system-out/>
  <testcase name="bTest" time="0.000" classname="mavendemo.day1.thirdTest"/>
  <system-out/>
</testsuite> <!-- mavendemo.day1.thirdTest -->
